<?xml version="1.0" encoding="UTF-8"?>
<testng-results skipped="0" failed="0" ignored="0" total="1" passed="1">
  <reporter-output>
  </reporter-output>
  <suite name="Adactin_hotel" duration-ms="25713" started-at="2022-05-26T14:04:16Z" finished-at="2022-05-26T14:04:42Z">
    <groups>
    </groups>
    <test name="Adactin_hotel" duration-ms="25713" started-at="2022-05-26T14:04:16Z" finished-at="2022-05-26T14:04:42Z">
      <class name="org.properties.Adactin_Hotel">
        <test-method status="PASS" signature="adatin()[pri:0, instance:org.properties.Adactin_Hotel@20398b7c]" name="adatin" duration-ms="25638" started-at="2022-05-26T14:04:16Z" finished-at="2022-05-26T14:04:42Z">
          <reporter-output>
          </reporter-output>
        </test-method> <!-- adatin -->
      </class> <!-- org.properties.Adactin_Hotel -->
    </test> <!-- Adactin_hotel -->
  </suite> <!-- Adactin_hotel -->
</testng-results>
